<?xml version="1.0" encoding="UTF-8"?>
<coverage generated="1654844367272" clover="3.2.0">
  <project timestamp="1654844367272" name="All files">
    <metrics statements="3" coveredstatements="1" conditionals="0" coveredconditionals="0" methods="1" coveredmethods="0" elements="4" coveredelements="1" complexity="0" loc="3" ncloc="3" packages="1" files="1" classes="1"/>
    <file name="foo.js" path="C:\Users\ZeDs_\eclipse-workspace\jest-error-coverage\foo.js">
      <metrics statements="3" coveredstatements="1" conditionals="0" coveredconditionals="0" methods="1" coveredmethods="0"/>
      <line num="3" count="0" type="stmt"/>
      <line num="4" count="0" type="stmt"/>
      <line num="7" count="1" type="stmt"/>
    </file>
  </project>
</coverage>
