{"C:\\Users\\ZeDs_\\eclipse-workspace\\jest-error-coverage\\foo.js": {"path":"C:\\Users\\ZeDs_\\eclipse-workspace\\jest-error-coverage\\foo.js","statementMap":{"0":{"start":{"line":3,"column":2},"end":{"line":3,"column":13}},"1":{"start":{"line":4,"column":2},"end":{"line":4,"column":43}},"2":{"start":{"line":7,"column":0},"end":{"line":7,"column":16}}},"fnMap":{"0":{"name":"(anonymous_0)","decl":{"start":{"line":2,"column":1},"end":{"line":2,"column":2}},"loc":{"start":{"line":2,"column":15},"end":{"line":5,"column":2}},"line":2}},"branchMap":{},"s":{"0":0,"1":0,"2":1},"f":{"0":0},"b":{},"_coverageSchema":"1a1c01bbd47fc00a2c39e90264f33305004495a9","hash":"db459284c89a0600dd2d3a6b428e5705b9f01308"}
}
